{"/home/brenno/projects/Reagir/src/Reagir.ts": {"path":"/home/brenno/projects/Reagir/src/Reagir.ts","all":false,"statementMap":{"0":{"start":{"line":1,"column":0},"end":{"line":1,"column":57}},"1":{"start":{"line":2,"column":0},"end":{"line":2,"column":0}},"2":{"start":{"line":3,"column":0},"end":{"line":3,"column":29}},"3":{"start":{"line":4,"column":0},"end":{"line":4,"column":15}},"4":{"start":{"line":5,"column":0},"end":{"line":5,"column":34}},"5":{"start":{"line":6,"column":0},"end":{"line":6,"column":32}},"6":{"start":{"line":7,"column":0},"end":{"line":7,"column":1}},"7":{"start":{"line":8,"column":0},"end":{"line":8,"column":0}},"8":{"start":{"line":9,"column":0},"end":{"line":9,"column":36}},"9":{"start":{"line":10,"column":0},"end":{"line":10,"column":16}},"10":{"start":{"line":11,"column":0},"end":{"line":11,"column":27}},"11":{"start":{"line":12,"column":0},"end":{"line":12,"column":46}},"12":{"start":{"line":13,"column":0},"end":{"line":13,"column":44}},"13":{"start":{"line":14,"column":0},"end":{"line":14,"column":7}},"14":{"start":{"line":15,"column":0},"end":{"line":15,"column":0}},"15":{"start":{"line":16,"column":0},"end":{"line":16,"column":32}},"16":{"start":{"line":17,"column":0},"end":{"line":17,"column":20}},"17":{"start":{"line":18,"column":0},"end":{"line":18,"column":39}},"18":{"start":{"line":19,"column":0},"end":{"line":19,"column":39}},"19":{"start":{"line":20,"column":0},"end":{"line":20,"column":15}},"20":{"start":{"line":21,"column":0},"end":{"line":21,"column":46}},"21":{"start":{"line":22,"column":0},"end":{"line":22,"column":5}},"22":{"start":{"line":23,"column":0},"end":{"line":23,"column":1}},"23":{"start":{"line":24,"column":0},"end":{"line":24,"column":0}},"24":{"start":{"line":25,"column":0},"end":{"line":25,"column":21}}},"s":{"0":1,"1":1,"2":1,"3":1,"4":1,"5":1,"6":1,"7":1,"8":1,"9":1,"10":14,"11":14,"12":14,"13":14,"14":1,"15":1,"16":14,"17":14,"18":14,"19":14,"20":14,"21":14,"22":1,"23":1,"24":1},"branchMap":{"0":{"type":"branch","line":10,"loc":{"start":{"line":10,"column":4},"end":{"line":14,"column":7}},"locations":[{"start":{"line":10,"column":4},"end":{"line":14,"column":7}}]},"1":{"type":"branch","line":16,"loc":{"start":{"line":16,"column":18},"end":{"line":22,"column":5}},"locations":[{"start":{"line":16,"column":18},"end":{"line":22,"column":5}}]}},"b":{"0":[14],"1":[14]},"fnMap":{"0":{"name":"Reagir","decl":{"start":{"line":10,"column":4},"end":{"line":14,"column":7}},"loc":{"start":{"line":10,"column":4},"end":{"line":14,"column":7}},"line":10},"1":{"name":"createElement","decl":{"start":{"line":16,"column":18},"end":{"line":22,"column":5}},"loc":{"start":{"line":16,"column":18},"end":{"line":22,"column":5}},"line":16}},"f":{"0":14,"1":14}}
,"/home/brenno/projects/Reagir/src/ReagirDOM.ts": {"path":"/home/brenno/projects/Reagir/src/ReagirDOM.ts","all":false,"statementMap":{"0":{"start":{"line":1,"column":0},"end":{"line":1,"column":56}},"1":{"start":{"line":2,"column":0},"end":{"line":2,"column":37}},"2":{"start":{"line":3,"column":0},"end":{"line":3,"column":0}},"3":{"start":{"line":4,"column":0},"end":{"line":4,"column":72}},"4":{"start":{"line":5,"column":0},"end":{"line":5,"column":0}},"5":{"start":{"line":6,"column":0},"end":{"line":6,"column":62}},"6":{"start":{"line":7,"column":0},"end":{"line":7,"column":22}},"7":{"start":{"line":8,"column":0},"end":{"line":8,"column":51}},"8":{"start":{"line":9,"column":0},"end":{"line":9,"column":8}},"9":{"start":{"line":10,"column":0},"end":{"line":10,"column":34}},"10":{"start":{"line":11,"column":0},"end":{"line":11,"column":59}},"11":{"start":{"line":12,"column":0},"end":{"line":12,"column":10}},"12":{"start":{"line":13,"column":0},"end":{"line":13,"column":0}},"13":{"start":{"line":14,"column":0},"end":{"line":14,"column":22}},"14":{"start":{"line":15,"column":0},"end":{"line":15,"column":6}},"15":{"start":{"line":16,"column":0},"end":{"line":16,"column":24}},"16":{"start":{"line":17,"column":0},"end":{"line":17,"column":53}},"17":{"start":{"line":18,"column":0},"end":{"line":18,"column":0}},"18":{"start":{"line":19,"column":0},"end":{"line":19,"column":34}},"19":{"start":{"line":20,"column":0},"end":{"line":20,"column":59}},"20":{"start":{"line":21,"column":0},"end":{"line":21,"column":10}},"21":{"start":{"line":22,"column":0},"end":{"line":22,"column":0}},"22":{"start":{"line":23,"column":0},"end":{"line":23,"column":22}},"23":{"start":{"line":24,"column":0},"end":{"line":24,"column":5}},"24":{"start":{"line":25,"column":0},"end":{"line":25,"column":1}},"25":{"start":{"line":26,"column":0},"end":{"line":26,"column":0}},"26":{"start":{"line":27,"column":0},"end":{"line":27,"column":17}},"27":{"start":{"line":28,"column":0},"end":{"line":28,"column":82}},"28":{"start":{"line":29,"column":0},"end":{"line":29,"column":74}},"29":{"start":{"line":30,"column":0},"end":{"line":30,"column":45}},"30":{"start":{"line":31,"column":0},"end":{"line":31,"column":34}},"31":{"start":{"line":32,"column":0},"end":{"line":32,"column":5}},"32":{"start":{"line":33,"column":0},"end":{"line":33,"column":4}},"33":{"start":{"line":34,"column":0},"end":{"line":34,"column":89}},"34":{"start":{"line":35,"column":0},"end":{"line":35,"column":62}},"35":{"start":{"line":36,"column":0},"end":{"line":36,"column":53}},"36":{"start":{"line":37,"column":0},"end":{"line":37,"column":58}},"37":{"start":{"line":38,"column":0},"end":{"line":38,"column":0}},"38":{"start":{"line":39,"column":0},"end":{"line":39,"column":44}},"39":{"start":{"line":40,"column":0},"end":{"line":40,"column":0}},"40":{"start":{"line":41,"column":0},"end":{"line":41,"column":23}},"41":{"start":{"line":42,"column":0},"end":{"line":42,"column":9}},"42":{"start":{"line":43,"column":0},"end":{"line":43,"column":57}},"43":{"start":{"line":44,"column":0},"end":{"line":44,"column":41}},"44":{"start":{"line":45,"column":0},"end":{"line":45,"column":58}},"45":{"start":{"line":46,"column":0},"end":{"line":46,"column":0}},"46":{"start":{"line":47,"column":0},"end":{"line":47,"column":47}},"47":{"start":{"line":48,"column":0},"end":{"line":48,"column":55}},"48":{"start":{"line":49,"column":0},"end":{"line":49,"column":0}},"49":{"start":{"line":50,"column":0},"end":{"line":50,"column":23}},"50":{"start":{"line":51,"column":0},"end":{"line":51,"column":9}},"51":{"start":{"line":52,"column":0},"end":{"line":52,"column":8}},"52":{"start":{"line":53,"column":0},"end":{"line":53,"column":65}},"53":{"start":{"line":54,"column":0},"end":{"line":54,"column":33}},"54":{"start":{"line":55,"column":0},"end":{"line":55,"column":57}},"55":{"start":{"line":56,"column":0},"end":{"line":56,"column":0}},"56":{"start":{"line":57,"column":0},"end":{"line":57,"column":32}},"57":{"start":{"line":58,"column":0},"end":{"line":58,"column":5}},"58":{"start":{"line":59,"column":0},"end":{"line":59,"column":1}},"59":{"start":{"line":60,"column":0},"end":{"line":60,"column":0}},"60":{"start":{"line":61,"column":0},"end":{"line":61,"column":24}}},"s":{"0":1,"1":1,"2":1,"3":1,"4":1,"5":1,"6":1,"7":3,"8":3,"9":3,"10":4,"11":3,"12":3,"13":3,"14":3,"15":1,"16":3,"17":3,"18":3,"19":3,"20":3,"21":3,"22":3,"23":3,"24":2,"25":1,"26":1,"27":1,"28":1,"29":1,"30":1,"31":1,"32":1,"33":1,"34":21,"35":21,"36":12,"37":12,"38":12,"39":12,"40":12,"41":12,"42":9,"43":21,"44":4,"45":4,"46":4,"47":4,"48":4,"49":4,"50":4,"51":5,"52":5,"53":5,"54":21,"55":1,"56":1,"57":21,"58":1,"59":1,"60":1},"branchMap":{"0":{"type":"branch","line":7,"loc":{"start":{"line":7,"column":9},"end":{"line":15,"column":6}},"locations":[{"start":{"line":7,"column":9},"end":{"line":15,"column":6}}]},"1":{"type":"branch","line":10,"loc":{"start":{"line":10,"column":24},"end":{"line":12,"column":9}},"locations":[{"start":{"line":10,"column":24},"end":{"line":12,"column":9}}]},"2":{"type":"branch","line":16,"loc":{"start":{"line":16,"column":11},"end":{"line":24,"column":5}},"locations":[{"start":{"line":16,"column":11},"end":{"line":24,"column":5}}]},"3":{"type":"branch","line":19,"loc":{"start":{"line":19,"column":24},"end":{"line":21,"column":9}},"locations":[{"start":{"line":19,"column":24},"end":{"line":21,"column":9}}]},"4":{"type":"branch","line":25,"loc":{"start":{"line":25,"column":0},"end":{"line":25,"column":1}},"locations":[{"start":{"line":25,"column":0},"end":{"line":25,"column":1}}]},"5":{"type":"branch","line":28,"loc":{"start":{"line":28,"column":18},"end":{"line":32,"column":5}},"locations":[{"start":{"line":28,"column":18},"end":{"line":32,"column":5}}]},"6":{"type":"branch","line":34,"loc":{"start":{"line":34,"column":18},"end":{"line":58,"column":5}},"locations":[{"start":{"line":34,"column":18},"end":{"line":58,"column":5}}]},"7":{"type":"branch","line":36,"loc":{"start":{"line":36,"column":12},"end":{"line":36,"column":52}},"locations":[{"start":{"line":36,"column":12},"end":{"line":36,"column":52}}]},"8":{"type":"branch","line":36,"loc":{"start":{"line":36,"column":52},"end":{"line":42,"column":9}},"locations":[{"start":{"line":36,"column":52},"end":{"line":42,"column":9}}]},"9":{"type":"branch","line":39,"loc":{"start":{"line":39,"column":31},"end":{"line":39,"column":44}},"locations":[{"start":{"line":39,"column":31},"end":{"line":39,"column":44}}]},"10":{"type":"branch","line":42,"loc":{"start":{"line":42,"column":8},"end":{"line":44,"column":40}},"locations":[{"start":{"line":42,"column":8},"end":{"line":44,"column":40}}]},"11":{"type":"branch","line":44,"loc":{"start":{"line":44,"column":40},"end":{"line":51,"column":9}},"locations":[{"start":{"line":44,"column":40},"end":{"line":51,"column":9}}]},"12":{"type":"branch","line":48,"loc":{"start":{"line":48,"column":16},"end":{"line":48,"column":55}},"locations":[{"start":{"line":48,"column":16},"end":{"line":48,"column":55}}]},"13":{"type":"branch","line":51,"loc":{"start":{"line":51,"column":8},"end":{"line":55,"column":19}},"locations":[{"start":{"line":51,"column":8},"end":{"line":55,"column":19}}]},"14":{"type":"branch","line":55,"loc":{"start":{"line":55,"column":12},"end":{"line":55,"column":57}},"locations":[{"start":{"line":55,"column":12},"end":{"line":55,"column":57}}]},"15":{"type":"branch","line":55,"loc":{"start":{"line":55,"column":56},"end":{"line":57,"column":32}},"locations":[{"start":{"line":55,"column":56},"end":{"line":57,"column":32}}]}},"b":{"0":[3],"1":[4],"2":[3],"3":[3],"4":[2],"5":[1],"6":[21],"7":[20],"8":[12],"9":[1],"10":[9],"11":[4],"12":[8],"13":[5],"14":[4],"15":[1]},"fnMap":{"0":{"name":"p","decl":{"start":{"line":7,"column":9},"end":{"line":15,"column":6}},"loc":{"start":{"line":7,"column":9},"end":{"line":15,"column":6}},"line":7},"1":{"name":"div","decl":{"start":{"line":16,"column":11},"end":{"line":24,"column":5}},"loc":{"start":{"line":16,"column":11},"end":{"line":24,"column":5}},"line":16},"2":{"name":"get","decl":{"start":{"line":25,"column":0},"end":{"line":25,"column":1}},"loc":{"start":{"line":25,"column":0},"end":{"line":25,"column":1}},"line":25},"3":{"name":"render","decl":{"start":{"line":28,"column":18},"end":{"line":32,"column":5}},"loc":{"start":{"line":28,"column":18},"end":{"line":32,"column":5}},"line":28},"4":{"name":"parseNode","decl":{"start":{"line":34,"column":18},"end":{"line":58,"column":5}},"loc":{"start":{"line":34,"column":18},"end":{"line":58,"column":5}},"line":34}},"f":{"0":3,"1":3,"2":2,"3":1,"4":21}}
,"/home/brenno/projects/Reagir/src/utils.ts": {"path":"/home/brenno/projects/Reagir/src/utils.ts","all":false,"statementMap":{"0":{"start":{"line":1,"column":0},"end":{"line":1,"column":69}}},"s":{"0":1},"branchMap":{"0":{"type":"branch","line":1,"loc":{"start":{"line":1,"column":68},"end":{"line":1,"column":69}},"locations":[{"start":{"line":1,"column":68},"end":{"line":1,"column":69}}]},"1":{"type":"branch","line":1,"loc":{"start":{"line":1,"column":68},"end":{"line":1,"column":69}},"locations":[{"start":{"line":1,"column":68},"end":{"line":1,"column":69}}]}},"b":{"0":[13],"1":[13]},"fnMap":{"0":{"name":"isUpperCase","decl":{"start":{"line":1,"column":68},"end":{"line":1,"column":69}},"loc":{"start":{"line":1,"column":68},"end":{"line":1,"column":69}},"line":1},"1":{"name":"get","decl":{"start":{"line":1,"column":68},"end":{"line":1,"column":69}},"loc":{"start":{"line":1,"column":68},"end":{"line":1,"column":69}},"line":1}},"f":{"0":13,"1":13}}
}
